<?xml version="1.0" encoding="UTF-8"?>
<test-results time="02:01:42" date="27.01.2018" notrun="0" total="7">
  <test-suite notrun="0" name="Test for MntSensors" total="7">
    <results>
      <test-case time="0.369" name="Count of Plan Items = 2" result="Failure" executed="true" success="false">
        <failure>
          <message>Test failed! Actual = '0'. Expected = '2'. Operation: '='</message>
        </failure>
      </test-case>
      <test-case time="0.151" name="Count of fields for singleItem = 4" result="Failure" executed="true" success="false">
        <failure>
          <message>Test failed! Actual = '0'. Expected = '4'. Operation: '='</message>
        </failure>
      </test-case>
      <test-case time="0.149" name="Count of fields for multiItem = 4" result="Failure" executed="true" success="false">
        <failure>
          <message>Test failed! Actual = '0'. Expected = '4'. Operation: '='</message>
        </failure>
      </test-case>
      <test-case time="0.153" name="Value SensorName_='Одноуровневые'" result="Failure" executed="true" success="false">
        <failure>
          <message>Test failed! Actual = 'null'. Expected = 'Одноуровневые'. Operation: '='</message>
        </failure>
      </test-case>
      <test-case time="0.148" name="Value Def='SensorTypeRow'" result="Failure" executed="true" success="false">
        <failure>
          <message>Test failed! Actual = 'null'. Expected = 'SensorTypeRow'. Operation: '='</message>
        </failure>
      </test-case>
      <test-case time="0.147" name="Value SensorName_='Многоуровневые'" result="Failure" executed="true" success="false">
        <failure>
          <message>Test failed! Actual = 'null'. Expected = 'Многоуровневые'. Operation: '='</message>
        </failure>
      </test-case>
      <test-case time="0.139" name="Value Def='SensorTypeRow'" result="Failure" executed="true" success="false">
        <failure>
          <message>Test failed! Actual = 'null'. Expected = 'SensorTypeRow'. Operation: '='</message>
        </failure>
      </test-case>
    </results>
  </test-suite>
  <statistics>
    <Stat tests="7"/>
    <Stat failures="7"/>
    <Stat errors="0"/>
    <Stat success-rate="0"/>
    <Stat started-at="27.01.2018 02:01:41"/>
    <Stat finished-at="27.01.2018 02:01:42"/>
    <Stat runtime="1.257"/>
  </statistics>
</test-results>
